2024-06-21 19:48:35,049 [1] [INFO ] (MoveNext) - ログイン成功
2024-06-21 19:49:57,377 [1] [INFO ] (MoveNext) - ログイン成功
2024-06-21 19:50:41,733 [1] [INFO ] (MoveNext) - ログイン成功
2024-06-21 19:50:42,330 [1] [ERROR] (MoveNext) - ログイン失敗：System.ObjectDisposedException: 破棄されたオブジェクトにアクセスできません。
オブジェクト名 'FrmLogin' です。
   場所 System.Windows.Forms.Control.CreateHandle()
   場所 System.Windows.Forms.Form.CreateHandle()
   場所 System.Windows.Forms.Control.get_Handle()
   場所 System.Windows.Forms.Form.FillInCreateParamsStartPosition(CreateParams cp)
   場所 System.Windows.Forms.Form.get_CreateParams()
   場所 System.Windows.Forms.Control.CreateHandle()
   場所 System.Windows.Forms.Form.CreateHandle()
   場所 System.Windows.Forms.Control.get_Handle()
   場所 System.Windows.Forms.Control.SetVisibleCore(Boolean value)
   場所 System.Windows.Forms.Form.SetVisibleCore(Boolean value)
   場所 System.Windows.Forms.Control.Show()
   場所 shinseiClient.FrmLogin.<btnLogin_Click>d__8.MoveNext() 場所 C:\work\Git\040_sow-receipt-categorization\sow-receipt-categorization\shinseiClient\FrmLogin.cs:行 150
2024-06-21 19:50:56,633 [1] [INFO ] (MoveNext) - ログイン成功
2024-06-21 19:51:16,578 [1] [ERROR] (MoveNext) - ログイン失敗：System.ObjectDisposedException: 破棄されたオブジェクトにアクセスできません。
オブジェクト名 'FrmLogin' です。
   場所 System.Windows.Forms.Control.CreateHandle()
   場所 System.Windows.Forms.Form.CreateHandle()
   場所 System.Windows.Forms.Control.get_Handle()
   場所 System.Windows.Forms.Form.FillInCreateParamsStartPosition(CreateParams cp)
   場所 System.Windows.Forms.Form.get_CreateParams()
   場所 System.Windows.Forms.Control.CreateHandle()
   場所 System.Windows.Forms.Form.CreateHandle()
   場所 System.Windows.Forms.Control.get_Handle()
   場所 System.Windows.Forms.Control.SetVisibleCore(Boolean value)
   場所 System.Windows.Forms.Form.SetVisibleCore(Boolean value)
   場所 System.Windows.Forms.Control.Show()
   場所 shinseiClient.FrmLogin.<btnLogin_Click>d__8.MoveNext() 場所 C:\work\Git\040_sow-receipt-categorization\sow-receipt-categorization\shinseiClient\FrmLogin.cs:行 150
2024-06-21 19:52:56,871 [1] [INFO ] (MoveNext) - ログイン成功
2024-06-21 19:54:40,770 [1] [INFO ] (MoveNext) - ログイン成功
2024-06-21 22:22:52,183 [1] [INFO ] (MoveNext) - ログイン成功
2024-06-21 22:27:48,837 [1] [INFO ] (MoveNext) - ログイン成功
2024-06-21 22:28:56,049 [1] [INFO ] (MoveNext) - ログイン成功
2024-06-21 22:47:03,537 [1] [INFO ] (MoveNext) - ログイン成功
2024-06-21 23:26:17,332 [1] [INFO ] (MoveNext) - ログイン成功
2024-06-21 23:38:23,157 [1] [INFO ] (MoveNext) - ログイン成功
