2024-05-05 01:08:02,894 [1] [INFO ] (MoveNext) - ログイン成功
2024-05-05 01:09:10,466 [1] [INFO ] (MoveNext) - ログイン成功
2024-05-05 01:15:59,001 [1] [INFO ] (MoveNext) - ログイン成功
2024-05-05 01:16:25,931 [1] [INFO ] (MoveNext) - ログイン成功
2024-05-05 01:18:26,194 [1] [INFO ] (MoveNext) - ログイン成功
2024-05-05 01:19:23,731 [1] [INFO ] (MoveNext) - ログイン成功
2024-05-05 01:23:24,288 [1] [INFO ] (MoveNext) - ログイン成功
2024-05-05 01:25:54,026 [1] [INFO ] (MoveNext) - ログイン成功
2024-05-05 12:34:24,927 [1] [INFO ] (MoveNext) - ログイン成功
2024-05-05 13:49:34,856 [1] [INFO ] (MoveNext) - ログイン成功
2024-05-05 15:08:37,414 [1] [INFO ] (MoveNext) - ログイン成功
2024-05-05 15:14:16,138 [1] [INFO ] (MoveNext) - ログイン成功
2024-05-05 16:09:48,410 [1] [INFO ] (MoveNext) - ログイン成功
2024-05-05 16:10:49,049 [1] [INFO ] (MoveNext) - ログイン成功
2024-05-05 16:17:58,400 [1] [INFO ] (MoveNext) - ログイン成功
2024-05-05 17:53:23,469 [1] [INFO ] (MoveNext) - ログイン成功
2024-05-05 19:15:58,373 [1] [ERROR] (MoveNext) - ログイン失敗：System.Net.Http.HttpRequestException: この要求の送信中にエラーが発生しました。 ---> System.Net.WebException: リモート名を解決できませんでした。: 'shinseiapp.azurewebsites.net'
   場所 System.Net.HttpWebRequest.EndGetRequestStream(IAsyncResult asyncResult, TransportContext& context)
   場所 System.Net.Http.HttpClientHandler.GetRequestStreamCallback(IAsyncResult ar)
   --- 内部例外スタック トレースの終わり ---
   場所 System.Runtime.CompilerServices.TaskAwaiter.ThrowForNonSuccess(Task task)
   場所 System.Runtime.CompilerServices.TaskAwaiter.HandleNonSuccessAndDebuggerNotification(Task task)
   場所 System.Runtime.CompilerServices.TaskAwaiter`1.GetResult()
   場所 shinseiClient.Shared.State.<DoLogin>d__34.MoveNext() 場所 C:\work\Git\050_application-management\application-management\shinseiClient\shinseiClient\Shared\State.cs:行 609
--- 直前に例外がスローされた場所からのスタック トレースの終わり ---
   場所 System.Runtime.CompilerServices.TaskAwaiter.ThrowForNonSuccess(Task task)
   場所 System.Runtime.CompilerServices.TaskAwaiter.HandleNonSuccessAndDebuggerNotification(Task task)
   場所 System.Runtime.CompilerServices.TaskAwaiter`1.GetResult()
   場所 shinseiClient.FrmLogin.<btnLogin_Click>d__8.MoveNext() 場所 C:\work\Git\050_application-management\application-management\shinseiClient\shinseiClient\FrmLogin.cs:行 126
2024-05-05 19:17:13,878 [1] [INFO ] (MoveNext) - ログイン成功
2024-05-05 19:28:58,845 [1] [INFO ] (MoveNext) - ログイン成功
2024-05-05 19:35:17,742 [1] [INFO ] (MoveNext) - ログイン成功
2024-05-05 19:37:36,310 [1] [INFO ] (MoveNext) - ログイン成功
2024-05-05 19:52:47,468 [1] [INFO ] (MoveNext) - ログイン成功
2024-05-05 19:59:18,559 [1] [INFO ] (MoveNext) - ログイン成功
2024-05-05 20:00:37,665 [1] [INFO ] (MoveNext) - ログイン成功
2024-05-05 20:23:18,066 [1] [ERROR] (MoveNext) - ログイン失敗：System.Exception: Error InternalServerError: Internal Server Error
   場所 shinseiClient.Shared.State.<DoLogin>d__34.MoveNext() 場所 C:\work\Git\050_application-management\application-management\shinseiClient\shinseiClient\Shared\State.cs:行 619
--- 直前に例外がスローされた場所からのスタック トレースの終わり ---
   場所 System.Runtime.CompilerServices.TaskAwaiter.ThrowForNonSuccess(Task task)
   場所 System.Runtime.CompilerServices.TaskAwaiter.HandleNonSuccessAndDebuggerNotification(Task task)
   場所 System.Runtime.CompilerServices.TaskAwaiter`1.GetResult()
   場所 shinseiClient.FrmLogin.<btnLogin_Click>d__8.MoveNext() 場所 C:\work\Git\050_application-management\application-management\shinseiClient\shinseiClient\FrmLogin.cs:行 126
2024-05-05 20:23:22,760 [1] [ERROR] (MoveNext) - ログイン失敗：System.Exception: Error InternalServerError: Internal Server Error
   場所 shinseiClient.Shared.State.<DoLogin>d__34.MoveNext() 場所 C:\work\Git\050_application-management\application-management\shinseiClient\shinseiClient\Shared\State.cs:行 619
--- 直前に例外がスローされた場所からのスタック トレースの終わり ---
   場所 System.Runtime.CompilerServices.TaskAwaiter.ThrowForNonSuccess(Task task)
   場所 System.Runtime.CompilerServices.TaskAwaiter.HandleNonSuccessAndDebuggerNotification(Task task)
   場所 System.Runtime.CompilerServices.TaskAwaiter`1.GetResult()
   場所 shinseiClient.FrmLogin.<btnLogin_Click>d__8.MoveNext() 場所 C:\work\Git\050_application-management\application-management\shinseiClient\shinseiClient\FrmLogin.cs:行 126
2024-05-05 20:32:26,250 [1] [INFO ] (MoveNext) - ログイン成功
2024-05-05 20:34:16,610 [1] [INFO ] (MoveNext) - ログイン成功
2024-05-05 20:36:59,087 [1] [INFO ] (MoveNext) - ログイン成功
2024-05-05 20:40:34,076 [1] [INFO ] (MoveNext) - ログイン成功
2024-05-05 20:44:59,193 [1] [INFO ] (MoveNext) - ログイン成功
2024-05-05 20:45:29,953 [1] [ERROR] (MoveNext) - ログイン失敗：System.Net.Http.HttpRequestException: この要求の送信中にエラーが発生しました。 ---> System.Net.WebException: リモート サーバーに接続できません。 ---> System.Net.Sockets.SocketException: 対象のコンピューターによって拒否されたため、接続できませんでした。 127.0.0.1:7262
   場所 System.Net.Sockets.Socket.InternalEndConnect(IAsyncResult asyncResult)
   場所 System.Net.Sockets.Socket.EndConnect(IAsyncResult asyncResult)
   場所 System.Net.ServicePoint.ConnectSocketInternal(Boolean connectFailure, Socket s4, Socket s6, Socket& socket, IPAddress& address, ConnectSocketState state, IAsyncResult asyncResult, Exception& exception)
   --- 内部例外スタック トレースの終わり ---
   場所 System.Net.HttpWebRequest.EndGetRequestStream(IAsyncResult asyncResult, TransportContext& context)
   場所 System.Net.Http.HttpClientHandler.GetRequestStreamCallback(IAsyncResult ar)
   --- 内部例外スタック トレースの終わり ---
   場所 System.Runtime.CompilerServices.TaskAwaiter.ThrowForNonSuccess(Task task)
   場所 System.Runtime.CompilerServices.TaskAwaiter.HandleNonSuccessAndDebuggerNotification(Task task)
   場所 System.Runtime.CompilerServices.TaskAwaiter`1.GetResult()
   場所 shinseiClient.Shared.State.<DoLogin>d__34.MoveNext() 場所 C:\work\Git\050_application-management\application-management\shinseiClient\shinseiClient\Shared\State.cs:行 609
--- 直前に例外がスローされた場所からのスタック トレースの終わり ---
   場所 System.Runtime.CompilerServices.TaskAwaiter.ThrowForNonSuccess(Task task)
   場所 System.Runtime.CompilerServices.TaskAwaiter.HandleNonSuccessAndDebuggerNotification(Task task)
   場所 System.Runtime.CompilerServices.TaskAwaiter`1.GetResult()
   場所 shinseiClient.FrmLogin.<btnLogin_Click>d__8.MoveNext() 場所 C:\work\Git\050_application-management\application-management\shinseiClient\shinseiClient\FrmLogin.cs:行 126
2024-05-05 20:49:08,078 [1] [INFO ] (MoveNext) - ログイン成功
2024-05-05 20:50:03,209 [1] [INFO ] (MoveNext) - ログイン成功
2024-05-05 23:30:55,894 [1] [INFO ] (MoveNext) - ログイン成功
